{"level":"INFO","time":"2026-03-01T13:35:19.995+0530","caller":"sync/once.go:78","msg":"Connecting to MongoDB at mongodb://localhost:27017"}
{"level":"INFO","time":"2026-03-01T13:35:20.030+0530","caller":"sync/once.go:78","msg":"Connecting to Redis at localhost:6379"}
{"level":"INFO","time":"2026-03-01T13:35:20.032+0530","caller":"sync/once.go:78","msg":"Connecting to MySQL at localhost:3306"}
{"level":"ERROR","time":"2026-03-01T13:35:20.038+0530","caller":"sync/once.go:78","msg":"Failed to connect to MySQL: Error 1045 (28000): Access denied for user 'root'@'localhost' (using password: YES)"}
{"level":"ERROR","time":"2026-03-01T13:35:20.041+0530","caller":"mysql/mysql_service.go:43","msg":"Failed to connect to MySQL (attempt 1/5): Error 1045 (28000): Access denied for user 'root'@'localhost' (using password: YES)"}
{"level":"ERROR","time":"2026-03-01T13:35:22.047+0530","caller":"mysql/mysql_service.go:43","msg":"Failed to connect to MySQL (attempt 2/5): Error 1045 (28000): Access denied for user 'root'@'localhost' (using password: YES)"}
{"level":"ERROR","time":"2026-03-01T13:35:24.056+0530","caller":"mysql/mysql_service.go:43","msg":"Failed to connect to MySQL (attempt 3/5): Error 1045 (28000): Access denied for user 'root'@'localhost' (using password: YES)"}
{"level":"ERROR","time":"2026-03-01T13:35:26.068+0530","caller":"mysql/mysql_service.go:43","msg":"Failed to connect to MySQL (attempt 4/5): Error 1045 (28000): Access denied for user 'root'@'localhost' (using password: YES)"}
{"level":"ERROR","time":"2026-03-01T13:35:28.073+0530","caller":"mysql/mysql_service.go:43","msg":"Failed to connect to MySQL (attempt 5/5): Error 1045 (28000): Access denied for user 'root'@'localhost' (using password: YES)"}
{"level":"INFO","time":"2026-03-01T13:36:54.066+0530","caller":"sync/once.go:78","msg":"Connecting to MongoDB at mongodb://localhost:27017"}
{"level":"INFO","time":"2026-03-01T13:36:54.077+0530","caller":"sync/once.go:78","msg":"Connecting to Redis at localhost:6379"}
{"level":"INFO","time":"2026-03-01T13:36:54.079+0530","caller":"sync/once.go:78","msg":"Connecting to MySQL at localhost:3306"}
{"level":"ERROR","time":"2026-03-01T13:36:54.083+0530","caller":"sync/once.go:78","msg":"Failed to connect to MySQL: Error 1045 (28000): Access denied for user 'root'@'localhost' (using password: YES)"}
{"level":"ERROR","time":"2026-03-01T13:36:54.086+0530","caller":"mysql/mysql_service.go:43","msg":"Failed to connect to MySQL (attempt 1/5): Error 1045 (28000): Access denied for user 'root'@'localhost' (using password: YES)"}
{"level":"ERROR","time":"2026-03-01T13:36:56.099+0530","caller":"mysql/mysql_service.go:43","msg":"Failed to connect to MySQL (attempt 2/5): Error 1045 (28000): Access denied for user 'root'@'localhost' (using password: YES)"}
{"level":"ERROR","time":"2026-03-01T13:36:58.113+0530","caller":"mysql/mysql_service.go:43","msg":"Failed to connect to MySQL (attempt 3/5): Error 1045 (28000): Access denied for user 'root'@'localhost' (using password: YES)"}
{"level":"ERROR","time":"2026-03-01T13:37:00.120+0530","caller":"mysql/mysql_service.go:43","msg":"Failed to connect to MySQL (attempt 4/5): Error 1045 (28000): Access denied for user 'root'@'localhost' (using password: YES)"}
{"level":"ERROR","time":"2026-03-01T13:37:02.133+0530","caller":"mysql/mysql_service.go:43","msg":"Failed to connect to MySQL (attempt 5/5): Error 1045 (28000): Access denied for user 'root'@'localhost' (using password: YES)"}
{"level":"INFO","time":"2026-03-01T13:39:17.707+0530","caller":"sync/once.go:78","msg":"Connecting to MongoDB at mongodb://localhost:27017"}
{"level":"INFO","time":"2026-03-01T13:39:17.720+0530","caller":"sync/once.go:78","msg":"Connecting to Redis at localhost:6379"}
{"level":"INFO","time":"2026-03-01T13:39:17.721+0530","caller":"sync/once.go:78","msg":"Connecting to MySQL at localhost:3306"}
{"level":"ERROR","time":"2026-03-01T13:39:17.728+0530","caller":"sync/once.go:78","msg":"Failed to connect to MySQL: Error 1045 (28000): Access denied for user 'root'@'localhost' (using password: YES)"}
{"level":"ERROR","time":"2026-03-01T13:39:17.735+0530","caller":"mysql/mysql_service.go:43","msg":"Failed to connect to MySQL (attempt 1/5): Error 1045 (28000): Access denied for user 'root'@'localhost' (using password: YES)"}
{"level":"ERROR","time":"2026-03-01T13:39:19.742+0530","caller":"mysql/mysql_service.go:43","msg":"Failed to connect to MySQL (attempt 2/5): Error 1045 (28000): Access denied for user 'root'@'localhost' (using password: YES)"}
{"level":"ERROR","time":"2026-03-01T13:39:21.750+0530","caller":"mysql/mysql_service.go:43","msg":"Failed to connect to MySQL (attempt 3/5): Error 1045 (28000): Access denied for user 'root'@'localhost' (using password: YES)"}
{"level":"ERROR","time":"2026-03-01T13:39:23.760+0530","caller":"mysql/mysql_service.go:43","msg":"Failed to connect to MySQL (attempt 4/5): Error 1045 (28000): Access denied for user 'root'@'localhost' (using password: YES)"}
{"level":"ERROR","time":"2026-03-01T13:39:25.764+0530","caller":"mysql/mysql_service.go:43","msg":"Failed to connect to MySQL (attempt 5/5): Error 1045 (28000): Access denied for user 'root'@'localhost' (using password: YES)"}
{"level":"INFO","time":"2026-03-01T13:40:47.903+0530","caller":"sync/once.go:78","msg":"Connecting to MongoDB at mongodb://localhost:27017"}
{"level":"INFO","time":"2026-03-01T13:40:47.913+0530","caller":"sync/once.go:78","msg":"Connecting to Redis at localhost:6379"}
{"level":"INFO","time":"2026-03-01T13:40:47.914+0530","caller":"cmd/dependencies.go:51","msg":"MySQL connection password : password"}
{"level":"INFO","time":"2026-03-01T13:40:47.914+0530","caller":"sync/once.go:78","msg":"Connecting to MySQL at localhost:3306"}
{"level":"ERROR","time":"2026-03-01T13:40:47.918+0530","caller":"sync/once.go:78","msg":"Failed to connect to MySQL: Error 1045 (28000): Access denied for user 'root'@'localhost' (using password: YES)"}
{"level":"ERROR","time":"2026-03-01T13:40:47.921+0530","caller":"mysql/mysql_service.go:43","msg":"Failed to connect to MySQL (attempt 1/5): Error 1045 (28000): Access denied for user 'root'@'localhost' (using password: YES)"}
{"level":"ERROR","time":"2026-03-01T13:40:49.931+0530","caller":"mysql/mysql_service.go:43","msg":"Failed to connect to MySQL (attempt 2/5): Error 1045 (28000): Access denied for user 'root'@'localhost' (using password: YES)"}
{"level":"ERROR","time":"2026-03-01T13:40:51.939+0530","caller":"mysql/mysql_service.go:43","msg":"Failed to connect to MySQL (attempt 3/5): Error 1045 (28000): Access denied for user 'root'@'localhost' (using password: YES)"}
{"level":"ERROR","time":"2026-03-01T13:40:53.955+0530","caller":"mysql/mysql_service.go:43","msg":"Failed to connect to MySQL (attempt 4/5): Error 1045 (28000): Access denied for user 'root'@'localhost' (using password: YES)"}
{"level":"ERROR","time":"2026-03-01T13:40:55.968+0530","caller":"mysql/mysql_service.go:43","msg":"Failed to connect to MySQL (attempt 5/5): Error 1045 (28000): Access denied for user 'root'@'localhost' (using password: YES)"}
{"level":"INFO","time":"2026-03-01T13:42:37.115+0530","caller":"sync/once.go:78","msg":"Connecting to MongoDB at mongodb://localhost:27017"}
{"level":"INFO","time":"2026-03-01T13:42:37.125+0530","caller":"sync/once.go:78","msg":"Connecting to Redis at localhost:6379"}
{"level":"INFO","time":"2026-03-01T13:42:37.126+0530","caller":"cmd/dependencies.go:51","msg":"MySQL connection password : root"}
{"level":"INFO","time":"2026-03-01T13:42:37.126+0530","caller":"sync/once.go:78","msg":"Connecting to MySQL at localhost:3306"}
{"level":"ERROR","time":"2026-03-01T13:42:37.127+0530","caller":"sync/once.go:78","msg":"Failed to connect to MySQL: Error 1049 (42000): Unknown database 'go_boilerplate_project'"}
{"level":"ERROR","time":"2026-03-01T13:42:37.128+0530","caller":"mysql/mysql_service.go:43","msg":"Failed to connect to MySQL (attempt 1/5): Error 1049 (42000): Unknown database 'go_boilerplate_project'"}
{"level":"ERROR","time":"2026-03-01T13:42:39.135+0530","caller":"mysql/mysql_service.go:43","msg":"Failed to connect to MySQL (attempt 2/5): Error 1049 (42000): Unknown database 'go_boilerplate_project'"}
{"level":"ERROR","time":"2026-03-01T13:42:41.140+0530","caller":"mysql/mysql_service.go:43","msg":"Failed to connect to MySQL (attempt 3/5): Error 1049 (42000): Unknown database 'go_boilerplate_project'"}
{"level":"ERROR","time":"2026-03-01T13:42:43.148+0530","caller":"mysql/mysql_service.go:43","msg":"Failed to connect to MySQL (attempt 4/5): Error 1049 (42000): Unknown database 'go_boilerplate_project'"}
{"level":"ERROR","time":"2026-03-01T13:42:45.150+0530","caller":"mysql/mysql_service.go:43","msg":"Failed to connect to MySQL (attempt 5/5): Error 1049 (42000): Unknown database 'go_boilerplate_project'"}
{"level":"INFO","time":"2026-03-01T13:45:05.776+0530","caller":"sync/once.go:78","msg":"Connecting to MongoDB at mongodb://localhost:27017"}
{"level":"INFO","time":"2026-03-01T13:45:05.792+0530","caller":"sync/once.go:78","msg":"Connecting to Redis at localhost:6379"}
{"level":"INFO","time":"2026-03-01T13:45:05.793+0530","caller":"cmd/dependencies.go:51","msg":"MySQL connection password : root"}
{"level":"INFO","time":"2026-03-01T13:45:05.793+0530","caller":"sync/once.go:78","msg":"Connecting to MySQL at localhost:3306"}
{"level":"INFO","time":"2026-03-01T13:47:03.222+0530","caller":"sync/once.go:78","msg":"Connecting to MongoDB at mongodb://localhost:27017"}
{"level":"INFO","time":"2026-03-01T13:47:03.233+0530","caller":"sync/once.go:78","msg":"Successfully connected to MongoDB"}
{"level":"INFO","time":"2026-03-01T13:47:03.233+0530","caller":"sync/once.go:78","msg":"Connecting to Redis at localhost:6379"}
{"level":"INFO","time":"2026-03-01T13:47:03.233+0530","caller":"sync/once.go:78","msg":"Successfully connected to Redis"}
{"level":"INFO","time":"2026-03-01T13:47:03.233+0530","caller":"cmd/dependencies.go:51","msg":"MySQL connection password : root"}
{"level":"INFO","time":"2026-03-01T13:47:03.233+0530","caller":"sync/once.go:78","msg":"Connecting to MySQL at localhost:3306"}
{"level":"INFO","time":"2026-03-01T13:47:03.234+0530","caller":"sync/once.go:78","msg":"Successfully connected to MySQL"}
{"level":"INFO","time":"2026-03-04T17:09:51.477+0530","caller":"sync/once.go:78","msg":"Connecting to MongoDB at mongodb://localhost:27017"}
{"level":"INFO","time":"2026-03-04T17:09:51.505+0530","caller":"sync/once.go:78","msg":"Successfully connected to MongoDB"}
{"level":"INFO","time":"2026-03-04T17:09:51.505+0530","caller":"sync/once.go:78","msg":"Connecting to Redis at localhost:6379"}
{"level":"INFO","time":"2026-03-04T17:09:51.507+0530","caller":"sync/once.go:78","msg":"Successfully connected to Redis"}
{"level":"INFO","time":"2026-03-04T17:09:51.507+0530","caller":"sync/once.go:78","msg":"Connecting to MySQL at localhost:3306"}
{"level":"INFO","time":"2026-03-04T17:09:51.531+0530","caller":"sync/once.go:78","msg":"Successfully connected to MySQL"}
{"level":"INFO","time":"2026-03-04T17:13:37.710+0530","caller":"sync/once.go:78","msg":"Connecting to MongoDB at mongodb://localhost:27017"}
{"level":"INFO","time":"2026-03-04T17:13:37.721+0530","caller":"sync/once.go:78","msg":"Successfully connected to MongoDB"}
{"level":"INFO","time":"2026-03-04T17:13:37.721+0530","caller":"sync/once.go:78","msg":"Connecting to Redis at localhost:6379"}
{"level":"INFO","time":"2026-03-04T17:13:37.722+0530","caller":"sync/once.go:78","msg":"Successfully connected to Redis"}
{"level":"INFO","time":"2026-03-04T17:13:37.722+0530","caller":"sync/once.go:78","msg":"Connecting to MySQL at localhost:3306"}
{"level":"INFO","time":"2026-03-04T17:13:37.724+0530","caller":"sync/once.go:78","msg":"Successfully connected to MySQL"}
